2020-02-26 23:30:00.742186 Test No.0 Complete!2020-02-26 23:30:00.742190 Test No.0 Complete!

2020-02-26 23:30:00.763698 Test No.0 Complete!
2020-02-26 23:30:00.901453 Test No.0 Complete!
2020-02-26 23:30:01.048155 Test No.0 Complete!
2020-02-26 23:30:01.197162 Test No.0 Complete!
2020-02-26 23:30:01.363771 Test No.0 Complete!
2020-02-26 23:30:01.506424 Test No.0 Complete!
2020-02-26 23:30:01.621833 Test No.0 Complete!
2020-02-26 23:30:01.749277 Test No.0 Complete!
2020-02-26 23:30:03.675580 Test No.1000 Complete!
2020-02-26 23:30:03.745126 Test No.1000 Complete!
2020-02-26 23:30:03.767966 Test No.1000 Complete!
2020-02-26 23:30:03.956366 Test No.1000 Complete!
2020-02-26 23:30:03.970735 Test No.1000 Complete!
2020-02-26 23:30:04.292181 Test No.1000 Complete!
2020-02-26 23:30:04.306139 Test No.1000 Complete!
2020-02-26 23:30:04.411292 Test No.1000 Complete!
2020-02-26 23:30:04.486541 Test No.1000 Complete!
2020-02-26 23:30:04.562718 Test No.1000 Complete!
2020-02-26 23:30:06.532013 Test No.2000 Complete!
2020-02-26 23:30:06.616904 Test No.2000 Complete!
2020-02-26 23:30:06.692023 Test No.2000 Complete!
2020-02-26 23:30:06.847108 Test No.2000 Complete!
2020-02-26 23:30:06.869940 Test No.2000 Complete!
2020-02-26 23:30:07.166012 Test No.2000 Complete!
2020-02-26 23:30:07.278667 Test No.2000 Complete!
2020-02-26 23:30:07.296289 Test No.2000 Complete!
2020-02-26 23:30:07.364631 Test No.2000 Complete!
2020-02-26 23:30:07.523973 Test No.2000 Complete!
2020-02-26 23:30:09.615337 Test No.3000 Complete!
2020-02-26 23:30:09.799836 Test No.3000 Complete!
2020-02-26 23:30:09.949297 Test No.3000 Complete!
2020-02-26 23:30:10.133987 Test No.3000 Complete!
2020-02-26 23:30:10.189456 Test No.3000 Complete!
2020-02-26 23:30:10.483691 Test No.3000 Complete!
2020-02-26 23:30:10.649191 Test No.3000 Complete!
2020-02-26 23:30:10.653048 Test No.3000 Complete!
2020-02-26 23:30:10.745053 Test No.3000 Complete!
2020-02-26 23:30:10.950456 Test No.3000 Complete!
2020-02-26 23:30:12.871260 Test No.4000 Complete!
2020-02-26 23:30:13.028097 Test No.4000 Complete!
2020-02-26 23:30:13.062028 Test No.4000 Complete!
2020-02-26 23:30:13.195904 Test No.4000 Complete!
2020-02-26 23:30:13.226083 Test No.4000 Complete!
2020-02-26 23:30:13.477080 Test No.4000 Complete!
2020-02-26 23:30:13.550928 Test No.4000 Complete!
2020-02-26 23:30:13.680754 Test No.4000 Complete!
2020-02-26 23:30:13.739771 Test No.4000 Complete!
2020-02-26 23:30:13.852771 Test No.4000 Complete!
2020-02-26 23:30:15.664876 Test No.5000 Complete!
2020-02-26 23:30:15.837666 Test No.5000 Complete!
2020-02-26 23:30:15.918552 Test No.5000 Complete!
2020-02-26 23:30:15.987980 Test No.5000 Complete!
2020-02-26 23:30:16.057047 Test No.5000 Complete!
2020-02-26 23:30:16.217069 Test No.5000 Complete!
2020-02-26 23:30:16.355020 Test No.5000 Complete!
2020-02-26 23:30:16.469516 Test No.5000 Complete!
2020-02-26 23:30:16.561893 Test No.5000 Complete!
2020-02-26 23:30:16.673086 Test No.5000 Complete!
2020-02-26 23:30:18.457269 Test No.6000 Complete!
2020-02-26 23:30:18.633074 Test No.6000 Complete!
2020-02-26 23:30:18.746424 Test No.6000 Complete!
2020-02-26 23:30:18.790135 Test No.6000 Complete!
2020-02-26 23:30:18.924973 Test No.6000 Complete!
2020-02-26 23:30:19.027831 Test No.6000 Complete!
2020-02-26 23:30:19.128265 Test No.6000 Complete!
2020-02-26 23:30:19.361182 Test No.6000 Complete!
2020-02-26 23:30:19.412920 Test No.6000 Complete!
2020-02-26 23:30:19.442269 Test No.6000 Complete!
2020-02-26 23:30:21.279941 Test No.7000 Complete!
2020-02-26 23:30:21.489636 Test No.7000 Complete!
2020-02-26 23:30:21.502785 Test No.7000 Complete!
2020-02-26 23:30:21.594954 Test No.7000 Complete!
2020-02-26 23:30:21.771918 Test No.7000 Complete!
2020-02-26 23:30:21.818401 Test No.7000 Complete!
2020-02-26 23:30:21.888916 Test No.7000 Complete!
2020-02-26 23:30:22.163751 Test No.7000 Complete!
2020-02-26 23:30:22.225241 Test No.7000 Complete!
2020-02-26 23:30:22.270841 Test No.7000 Complete!
2020-02-26 23:30:24.086200 Test No.8000 Complete!
2020-02-26 23:30:24.265444 Test No.8000 Complete!
2020-02-26 23:30:24.287946 Test No.8000 Complete!
2020-02-26 23:30:24.478457 Test No.8000 Complete!
2020-02-26 23:30:24.721755 Test No.8000 Complete!
2020-02-26 23:30:24.726790 Test No.8000 Complete!
2020-02-26 23:30:24.805574 Test No.8000 Complete!
2020-02-26 23:30:25.179355 Test No.8000 Complete!
2020-02-26 23:30:25.243006 Test No.8000 Complete!
2020-02-26 23:30:25.327719 Test No.8000 Complete!
2020-02-26 23:30:27.462829 Test No.9000 Complete!
2020-02-26 23:30:27.639803 Test No.9000 Complete!
2020-02-26 23:30:27.701897 Test No.9000 Complete!
2020-02-26 23:30:28.082564 Test No.9000 Complete!
2020-02-26 23:30:28.169414 Test No.9000 Complete!
2020-02-26 23:30:28.176592 Test No.9000 Complete!
2020-02-26 23:30:28.328708 Test No.9000 Complete!
2020-02-26 23:30:28.716258 Test No.9000 Complete!
2020-02-26 23:30:28.859133 Test No.9000 Complete!
2020-02-26 23:30:28.877108 Test No.9000 Complete!
Traceback (most recent call last):
  File "BN.py", line 167, in <module>
    Min = np.min(np.min(Y), np.min(Z))
  File "/Users/mmw/Documents/Virtualenvs/rloe/lib/python3.7/site-packages/numpy/core/fromnumeric.py", line 2618, in amin
    initial=initial)
  File "/Users/mmw/Documents/Virtualenvs/rloe/lib/python3.7/site-packages/numpy/core/fromnumeric.py", line 84, in _wrapreduction
    return reduction(axis=axis, out=out, **passkwargs)
  File "/Users/mmw/Documents/Virtualenvs/rloe/lib/python3.7/site-packages/numpy/core/_methods.py", line 32, in _amin
    return umr_minimum(a, axis, None, out, keepdims, initial)
TypeError: 'numpy.float64' object cannot be interpreted as an integer
Traceback (most recent call last):
  File "BN.py", line 167, in <module>
    Min = np.min(np.min(Y), np.min(Z))
  File "/Users/mmw/Documents/Virtualenvs/rloe/lib/python3.7/site-packages/numpy/core/fromnumeric.py", line 2618, in amin
    initial=initial)
  File "/Users/mmw/Documents/Virtualenvs/rloe/lib/python3.7/site-packages/numpy/core/fromnumeric.py", line 84, in _wrapreduction
    return reduction(axis=axis, out=out, **passkwargs)
  File "/Users/mmw/Documents/Virtualenvs/rloe/lib/python3.7/site-packages/numpy/core/_methods.py", line 32, in _amin
    return umr_minimum(a, axis, None, out, keepdims, initial)
TypeError: 'numpy.float64' object cannot be interpreted as an integer
Traceback (most recent call last):
  File "BN.py", line 167, in <module>
    Min = np.min(np.min(Y), np.min(Z))
  File "/Users/mmw/Documents/Virtualenvs/rloe/lib/python3.7/site-packages/numpy/core/fromnumeric.py", line 2618, in amin
    initial=initial)
  File "/Users/mmw/Documents/Virtualenvs/rloe/lib/python3.7/site-packages/numpy/core/fromnumeric.py", line 84, in _wrapreduction
    return reduction(axis=axis, out=out, **passkwargs)
  File "/Users/mmw/Documents/Virtualenvs/rloe/lib/python3.7/site-packages/numpy/core/_methods.py", line 32, in _amin
    return umr_minimum(a, axis, None, out, keepdims, initial)
TypeError: 'numpy.float64' object cannot be interpreted as an integer
Traceback (most recent call last):
  File "BN.py", line 167, in <module>
    Min = np.min(np.min(Y), np.min(Z))
  File "/Users/mmw/Documents/Virtualenvs/rloe/lib/python3.7/site-packages/numpy/core/fromnumeric.py", line 2618, in amin
    initial=initial)
  File "/Users/mmw/Documents/Virtualenvs/rloe/lib/python3.7/site-packages/numpy/core/fromnumeric.py", line 84, in _wrapreduction
    return reduction(axis=axis, out=out, **passkwargs)
  File "/Users/mmw/Documents/Virtualenvs/rloe/lib/python3.7/site-packages/numpy/core/_methods.py", line 32, in _amin
    return umr_minimum(a, axis, None, out, keepdims, initial)
TypeError: 'numpy.float64' object cannot be interpreted as an integer
Traceback (most recent call last):
  File "BN.py", line 167, in <module>
    Min = np.min(np.min(Y), np.min(Z))
  File "/Users/mmw/Documents/Virtualenvs/rloe/lib/python3.7/site-packages/numpy/core/fromnumeric.py", line 2618, in amin
    initial=initial)
  File "/Users/mmw/Documents/Virtualenvs/rloe/lib/python3.7/site-packages/numpy/core/fromnumeric.py", line 84, in _wrapreduction
    return reduction(axis=axis, out=out, **passkwargs)
  File "/Users/mmw/Documents/Virtualenvs/rloe/lib/python3.7/site-packages/numpy/core/_methods.py", line 32, in _amin
    return umr_minimum(a, axis, None, out, keepdims, initial)
TypeError: 'numpy.float64' object cannot be interpreted as an integer
Traceback (most recent call last):
  File "BN.py", line 167, in <module>
    Min = np.min(np.min(Y), np.min(Z))
  File "/Users/mmw/Documents/Virtualenvs/rloe/lib/python3.7/site-packages/numpy/core/fromnumeric.py", line 2618, in amin
    initial=initial)
  File "/Users/mmw/Documents/Virtualenvs/rloe/lib/python3.7/site-packages/numpy/core/fromnumeric.py", line 84, in _wrapreduction
    return reduction(axis=axis, out=out, **passkwargs)
  File "/Users/mmw/Documents/Virtualenvs/rloe/lib/python3.7/site-packages/numpy/core/_methods.py", line 32, in _amin
    return umr_minimum(a, axis, None, out, keepdims, initial)
TypeError: 'numpy.float64' object cannot be interpreted as an integer
Traceback (most recent call last):
  File "BN.py", line 167, in <module>
    Min = np.min(np.min(Y), np.min(Z))
  File "/Users/mmw/Documents/Virtualenvs/rloe/lib/python3.7/site-packages/numpy/core/fromnumeric.py", line 2618, in amin
    initial=initial)
  File "/Users/mmw/Documents/Virtualenvs/rloe/lib/python3.7/site-packages/numpy/core/fromnumeric.py", line 84, in _wrapreduction
    return reduction(axis=axis, out=out, **passkwargs)
  File "/Users/mmw/Documents/Virtualenvs/rloe/lib/python3.7/site-packages/numpy/core/_methods.py", line 32, in _amin
    return umr_minimum(a, axis, None, out, keepdims, initial)
TypeError: 'numpy.float64' object cannot be interpreted as an integer
Traceback (most recent call last):
  File "BN.py", line 167, in <module>
    Min = np.min(np.min(Y), np.min(Z))
  File "/Users/mmw/Documents/Virtualenvs/rloe/lib/python3.7/site-packages/numpy/core/fromnumeric.py", line 2618, in amin
    initial=initial)
  File "/Users/mmw/Documents/Virtualenvs/rloe/lib/python3.7/site-packages/numpy/core/fromnumeric.py", line 84, in _wrapreduction
    return reduction(axis=axis, out=out, **passkwargs)
  File "/Users/mmw/Documents/Virtualenvs/rloe/lib/python3.7/site-packages/numpy/core/_methods.py", line 32, in _amin
    return umr_minimum(a, axis, None, out, keepdims, initial)
TypeError: 'numpy.float64' object cannot be interpreted as an integer
Traceback (most recent call last):
  File "BN.py", line 167, in <module>
    Min = np.min(np.min(Y), np.min(Z))
  File "/Users/mmw/Documents/Virtualenvs/rloe/lib/python3.7/site-packages/numpy/core/fromnumeric.py", line 2618, in amin
    initial=initial)
  File "/Users/mmw/Documents/Virtualenvs/rloe/lib/python3.7/site-packages/numpy/core/fromnumeric.py", line 84, in _wrapreduction
    return reduction(axis=axis, out=out, **passkwargs)
  File "/Users/mmw/Documents/Virtualenvs/rloe/lib/python3.7/site-packages/numpy/core/_methods.py", line 32, in _amin
    return umr_minimum(a, axis, None, out, keepdims, initial)
TypeError: 'numpy.float64' object cannot be interpreted as an integer
Traceback (most recent call last):
  File "BN.py", line 167, in <module>
    Min = np.min(np.min(Y), np.min(Z))
  File "/Users/mmw/Documents/Virtualenvs/rloe/lib/python3.7/site-packages/numpy/core/fromnumeric.py", line 2618, in amin
    initial=initial)
  File "/Users/mmw/Documents/Virtualenvs/rloe/lib/python3.7/site-packages/numpy/core/fromnumeric.py", line 84, in _wrapreduction
    return reduction(axis=axis, out=out, **passkwargs)
  File "/Users/mmw/Documents/Virtualenvs/rloe/lib/python3.7/site-packages/numpy/core/_methods.py", line 32, in _amin
    return umr_minimum(a, axis, None, out, keepdims, initial)
TypeError: 'numpy.float64' object cannot be interpreted as an integer
